<?xml version="1.0" encoding="UTF-8"?>
<!-- Generated by org.testng.reporters.JUnitXMLReporter -->
<testsuite ignored="0" hostname="RIKU" failures="0" tests="13" name="LoginAndSearchTest_Chrome" time="69.254" errors="0" timestamp="2025-09-05T20:00:57 IST">
  <testcase classname="tests.LoginTest" name="invalidLoginTest" time="9.502"/>
  <testcase classname="tests.LoginTest" name="verifyLoginTest" time="3.506"/>
  <testcase classname="tests.LoginTest" name="validLoginTest" time="2.026"/>
  <testcase classname="tests.SearchTest" name="testSearchProduct" time="6.311"/>
  <testcase classname="tests.SearchTest" name="testApplyFilters" time="9.753"/>
  <testcase classname="tests.SearchTest" name="testSortLowToHigh" time="1.73"/>
  <testcase classname="tests.SearchTest" name="testBlankSearch" time="2.601"/>
  <testcase classname="tests.SearchTest" name="testViewProductDetails" time="7.286"/>
  <testcase classname="tests.CartTest" name="cartAddTest" time="4.698"/>
  <testcase classname="tests.CartTest" name="modifyQuantity" time="5.011"/>
  <testcase classname="tests.CartTest" name="deleteFromCart" time="1.282"/>
  <testcase classname="tests.CartTest" name="buyProducts" time="7.767"/>
  <testcase classname="tests.CartTest" name="placeOrder" time="0.05"/>
</testsuite> <!-- LoginAndSearchTest_Chrome -->
