<?xml version="1.0" encoding="UTF-8"?>
<!-- Generated by org.testng.reporters.JUnitXMLReporter -->
<testsuite ignored="0" hostname="RIKU" failures="0" tests="3" name="Default test" time="13.893" errors="0" timestamp="2025-07-02T11:42:41 IST">
  <testcase classname="sasi.LoginPageGoogle1" name="adminLogin" time="4.179"/>
  <testcase classname="sasi.LoginPageGoogle1" name="adminLogin" time="4.069"/>
  <testcase classname="sasi.LoginPageGoogle1" name="adminLogin" time="5.349"/>
</testsuite> <!-- Default test -->
