<?xml version="1.0" encoding="UTF-8"?>
<testng-results ignored="0" total="1" passed="1" failed="0" skipped="0">
  <reporter-output>
  </reporter-output>
  <suite started-at="2025-07-02T17:20:33 IST" name="Default suite" finished-at="2025-07-02T17:20:37 IST" duration-ms="4322">
    <groups>
    </groups>
    <test started-at="2025-07-02T17:20:33 IST" name="Default test" finished-at="2025-07-02T17:20:37 IST" duration-ms="4322">
      <class name="ddt1.LoginPage3">
        <test-method signature="f()[pri:0, instance:ddt1.LoginPage3@75d4a5c2]" started-at="2025-07-02T17:20:33 IST" name="f" finished-at="2025-07-02T17:20:37 IST" duration-ms="4150" status="PASS">
          <reporter-output>
          </reporter-output>
        </test-method> <!-- f -->
        <test-method is-config="true" signature="afterMethod()[pri:0, instance:ddt1.LoginPage3@75d4a5c2]" started-at="2025-07-02T17:20:37 IST" name="afterMethod" finished-at="2025-07-02T17:20:37 IST" duration-ms="138" status="PASS">
          <reporter-output>
          </reporter-output>
        </test-method> <!-- afterMethod -->
      </class> <!-- ddt1.LoginPage3 -->
    </test> <!-- Default test -->
  </suite> <!-- Default suite -->
</testng-results>
