<?xml version="1.0" encoding="UTF-8"?>
<testng-results ignored="0" total="2" passed="2" failed="0" skipped="0">
  <reporter-output>
  </reporter-output>
  <suite started-at="2025-08-28T22:14:48 IST" name="AmazonTestSuite" finished-at="2025-08-28T22:15:37 IST" duration-ms="49470">
    <groups>
    </groups>
    <test started-at="2025-08-28T22:14:48 IST" name="LoginAndSearchTest" finished-at="2025-08-28T22:15:37 IST" duration-ms="49470">
      <class name="tests.LoginTest">
        <test-method signature="test()[pri:0, instance:tests.LoginTest@765d7657]" started-at="2025-08-28T22:14:48 IST" name="test" finished-at="2025-08-28T22:14:54 IST" duration-ms="6452" status="PASS">
          <reporter-output>
          </reporter-output>
        </test-method> <!-- test -->
      </class> <!-- tests.LoginTest -->
      <class name="tests.CartTest">
        <test-method signature="test()[pri:0, instance:tests.CartTest@6b2ea799]" started-at="2025-08-28T22:14:54 IST" name="test" finished-at="2025-08-28T22:15:37 IST" duration-ms="42983" status="PASS">
          <reporter-output>
          </reporter-output>
        </test-method> <!-- test -->
      </class> <!-- tests.CartTest -->
    </test> <!-- LoginAndSearchTest -->
  </suite> <!-- AmazonTestSuite -->
</testng-results>
