<?xml version="1.0" encoding="UTF-8"?>
<testng-results ignored="0" total="13" passed="13" failed="0" skipped="0">
  <reporter-output>
  </reporter-output>
  <suite started-at="2025-08-30T11:21:49 IST" name="AmazonTestSuite" finished-at="2025-08-30T11:22:51 IST" duration-ms="61864">
    <groups>
      <group name="search">
        <method signature="SearchTest.testSearchProduct()[pri:1, instance:tests.SearchTest@24269709]" name="testSearchProduct" class="tests.SearchTest"/>
        <method signature="SearchTest.testApplyFilters()[pri:2, instance:tests.SearchTest@24269709]" name="testApplyFilters" class="tests.SearchTest"/>
        <method signature="SearchTest.testSortLowToHigh()[pri:3, instance:tests.SearchTest@24269709]" name="testSortLowToHigh" class="tests.SearchTest"/>
        <method signature="SearchTest.testBlankSearch()[pri:4, instance:tests.SearchTest@24269709]" name="testBlankSearch" class="tests.SearchTest"/>
        <method signature="SearchTest.testViewProductDetails()[pri:5, instance:tests.SearchTest@24269709]" name="testViewProductDetails" class="tests.SearchTest"/>
      </group> <!-- search -->
      <group name="login">
        <method signature="LoginTest.invalidLoginTest()[pri:1, instance:tests.LoginTest@1c1bbc4e]" name="invalidLoginTest" class="tests.LoginTest"/>
        <method signature="LoginTest.verifyLoginTest()[pri:2, instance:tests.LoginTest@1c1bbc4e]" name="verifyLoginTest" class="tests.LoginTest"/>
        <method signature="LoginTest.validLoginTest()[pri:3, instance:tests.LoginTest@1c1bbc4e]" name="validLoginTest" class="tests.LoginTest"/>
      </group> <!-- login -->
      <group name="cart">
        <method signature="CartTest.cartAddTest()[pri:1, instance:tests.CartTest@2aceadd4]" name="cartAddTest" class="tests.CartTest"/>
        <method signature="CartTest.modifyQuantity()[pri:2, instance:tests.CartTest@2aceadd4]" name="modifyQuantity" class="tests.CartTest"/>
        <method signature="CartTest.deleteFromCart()[pri:3, instance:tests.CartTest@2aceadd4]" name="deleteFromCart" class="tests.CartTest"/>
        <method signature="CartTest.buyProducts()[pri:4, instance:tests.CartTest@2aceadd4]" name="buyProducts" class="tests.CartTest"/>
        <method signature="CartTest.placeOrder()[pri:5, instance:tests.CartTest@2aceadd4]" name="placeOrder" class="tests.CartTest"/>
      </group> <!-- cart -->
    </groups>
    <test started-at="2025-08-30T11:21:49 IST" name="LoginAndSearchTest_Chrome" finished-at="2025-08-30T11:22:51 IST" duration-ms="61864">
      <class name="tests.LoginTest">
        <test-method is-config="true" signature="setDriver(java.lang.String)[pri:0, instance:tests.LoginTest@1c1bbc4e]" started-at="2025-08-30T11:21:49 IST" name="setDriver" finished-at="2025-08-30T11:21:52 IST" duration-ms="3366" status="PASS">
          <params>
            <param index="0">
              <value>
                <![CDATA[chrome]]>
              </value>
            </param>
          </params>
          <reporter-output>
          </reporter-output>
        </test-method> <!-- setDriver -->
        <test-method signature="invalidLoginTest()[pri:1, instance:tests.LoginTest@1c1bbc4e]" started-at="2025-08-30T11:21:52 IST" name="invalidLoginTest" finished-at="2025-08-30T11:21:55 IST" duration-ms="3277" status="PASS">
          <reporter-output>
          </reporter-output>
        </test-method> <!-- invalidLoginTest -->
        <test-method signature="verifyLoginTest()[pri:2, instance:tests.LoginTest@1c1bbc4e]" started-at="2025-08-30T11:21:55 IST" name="verifyLoginTest" finished-at="2025-08-30T11:21:58 IST" duration-ms="2715" status="PASS">
          <reporter-output>
          </reporter-output>
        </test-method> <!-- verifyLoginTest -->
        <test-method signature="validLoginTest()[pri:3, instance:tests.LoginTest@1c1bbc4e]" started-at="2025-08-30T11:21:58 IST" name="validLoginTest" finished-at="2025-08-30T11:22:00 IST" duration-ms="1520" status="PASS">
          <reporter-output>
          </reporter-output>
        </test-method> <!-- validLoginTest -->
      </class> <!-- tests.LoginTest -->
      <class name="tests.CartTest">
        <test-method is-config="true" signature="setDriver(java.lang.String)[pri:0, instance:tests.CartTest@2aceadd4]" started-at="2025-08-30T11:22:35 IST" name="setDriver" finished-at="2025-08-30T11:22:35 IST" duration-ms="4" status="PASS">
          <params>
            <param index="0">
              <value>
                <![CDATA[chrome]]>
              </value>
            </param>
          </params>
          <reporter-output>
          </reporter-output>
        </test-method> <!-- setDriver -->
        <test-method signature="cartAddTest()[pri:1, instance:tests.CartTest@2aceadd4]" started-at="2025-08-30T11:22:35 IST" name="cartAddTest" depends-on-groups="search" finished-at="2025-08-30T11:22:40 IST" duration-ms="4293" status="PASS">
          <reporter-output>
          </reporter-output>
        </test-method> <!-- cartAddTest -->
        <test-method signature="modifyQuantity()[pri:2, instance:tests.CartTest@2aceadd4]" started-at="2025-08-30T11:22:40 IST" name="modifyQuantity" depends-on-groups="search" finished-at="2025-08-30T11:22:44 IST" duration-ms="4883" status="PASS">
          <reporter-output>
          </reporter-output>
        </test-method> <!-- modifyQuantity -->
        <test-method signature="deleteFromCart()[pri:3, instance:tests.CartTest@2aceadd4]" started-at="2025-08-30T11:22:44 IST" name="deleteFromCart" depends-on-groups="search" finished-at="2025-08-30T11:22:46 IST" duration-ms="1208" status="PASS">
          <reporter-output>
          </reporter-output>
        </test-method> <!-- deleteFromCart -->
        <test-method signature="buyProducts()[pri:4, instance:tests.CartTest@2aceadd4]" started-at="2025-08-30T11:22:46 IST" name="buyProducts" depends-on-groups="search" finished-at="2025-08-30T11:22:50 IST" duration-ms="4647" status="PASS">
          <reporter-output>
          </reporter-output>
        </test-method> <!-- buyProducts -->
        <test-method signature="placeOrder()[pri:5, instance:tests.CartTest@2aceadd4]" started-at="2025-08-30T11:22:50 IST" name="placeOrder" depends-on-groups="search" finished-at="2025-08-30T11:22:50 IST" duration-ms="29" status="PASS">
          <reporter-output>
          </reporter-output>
        </test-method> <!-- placeOrder -->
        <test-method is-config="true" signature="quitBrowser()[pri:0, instance:tests.CartTest@2aceadd4]" started-at="2025-08-30T11:22:50 IST" name="quitBrowser" finished-at="2025-08-30T11:22:51 IST" duration-ms="264" status="PASS">
          <reporter-output>
          </reporter-output>
        </test-method> <!-- quitBrowser -->
      </class> <!-- tests.CartTest -->
      <class name="tests.SearchTest">
        <test-method is-config="true" signature="setup(java.lang.String)[pri:0, instance:tests.SearchTest@24269709]" started-at="2025-08-30T11:22:00 IST" name="setup" finished-at="2025-08-30T11:22:00 IST" duration-ms="4" status="PASS">
          <params>
            <param index="0">
              <value>
                <![CDATA[chrome]]>
              </value>
            </param>
          </params>
          <reporter-output>
          </reporter-output>
        </test-method> <!-- setup -->
        <test-method signature="testSearchProduct()[pri:1, instance:tests.SearchTest@24269709]" started-at="2025-08-30T11:22:00 IST" name="testSearchProduct" depends-on-groups="login" finished-at="2025-08-30T11:22:05 IST" duration-ms="5010" status="PASS">
          <reporter-output>
          </reporter-output>
        </test-method> <!-- testSearchProduct -->
        <test-method signature="testApplyFilters()[pri:2, instance:tests.SearchTest@24269709]" started-at="2025-08-30T11:22:05 IST" name="testApplyFilters" depends-on-groups="login" finished-at="2025-08-30T11:22:14 IST" duration-ms="9059" status="PASS">
          <reporter-output>
          </reporter-output>
        </test-method> <!-- testApplyFilters -->
        <test-method signature="testSortLowToHigh()[pri:3, instance:tests.SearchTest@24269709]" started-at="2025-08-30T11:22:14 IST" name="testSortLowToHigh" depends-on-groups="login" finished-at="2025-08-30T11:22:15 IST" duration-ms="1726" status="PASS">
          <reporter-output>
          </reporter-output>
        </test-method> <!-- testSortLowToHigh -->
        <test-method signature="testBlankSearch()[pri:4, instance:tests.SearchTest@24269709]" started-at="2025-08-30T11:22:15 IST" name="testBlankSearch" depends-on-groups="login" finished-at="2025-08-30T11:22:18 IST" duration-ms="2292" status="PASS">
          <reporter-output>
          </reporter-output>
        </test-method> <!-- testBlankSearch -->
        <test-method signature="testViewProductDetails()[pri:5, instance:tests.SearchTest@24269709]" started-at="2025-08-30T11:22:18 IST" name="testViewProductDetails" depends-on-groups="login" finished-at="2025-08-30T11:22:35 IST" duration-ms="17464" status="PASS">
          <reporter-output>
          </reporter-output>
        </test-method> <!-- testViewProductDetails -->
      </class> <!-- tests.SearchTest -->
    </test> <!-- LoginAndSearchTest_Chrome -->
  </suite> <!-- AmazonTestSuite -->
</testng-results>
