<?xml version="1.0" encoding="UTF-8"?>
<testng-results ignored="0" total="3" passed="3" failed="0" skipped="0">
  <reporter-output>
  </reporter-output>
  <suite started-at="2025-07-02T11:42:27 IST" name="Default suite" finished-at="2025-07-02T11:42:41 IST" duration-ms="13893">
    <groups>
    </groups>
    <test started-at="2025-07-02T11:42:27 IST" name="Default test" finished-at="2025-07-02T11:42:41 IST" duration-ms="13893">
      <class name="sasi.LoginPageGoogle1">
        <test-method signature="adminLogin(java.lang.String)[pri:0, instance:sasi.LoginPageGoogle1@3b69e7d1]" started-at="2025-07-02T11:42:27 IST" name="adminLogin" data-provider="LoginData" finished-at="2025-07-02T11:42:31 IST" duration-ms="4179" status="PASS">
          <params>
            <param index="0">
              <value>
                <![CDATA[chennai]]>
              </value>
            </param>
          </params>
          <reporter-output>
          </reporter-output>
        </test-method> <!-- adminLogin -->
        <test-method is-config="true" signature="closeBrowser()[pri:0, instance:sasi.LoginPageGoogle1@3b69e7d1]" started-at="2025-07-02T11:42:31 IST" name="closeBrowser" finished-at="2025-07-02T11:42:31 IST" duration-ms="80" status="PASS">
          <reporter-output>
          </reporter-output>
        </test-method> <!-- closeBrowser -->
        <test-method signature="adminLogin(java.lang.String)[pri:0, instance:sasi.LoginPageGoogle1@3b69e7d1]" started-at="2025-07-02T11:42:31 IST" name="adminLogin" data-provider="LoginData" finished-at="2025-07-02T11:42:35 IST" duration-ms="4069" status="PASS">
          <params>
            <param index="0">
              <value>
                <![CDATA[kolkata]]>
              </value>
            </param>
          </params>
          <reporter-output>
          </reporter-output>
        </test-method> <!-- adminLogin -->
        <test-method is-config="true" signature="closeBrowser()[pri:0, instance:sasi.LoginPageGoogle1@3b69e7d1]" started-at="2025-07-02T11:42:35 IST" name="closeBrowser" finished-at="2025-07-02T11:42:35 IST" duration-ms="84" status="PASS">
          <reporter-output>
          </reporter-output>
        </test-method> <!-- closeBrowser -->
        <test-method signature="adminLogin(java.lang.String)[pri:0, instance:sasi.LoginPageGoogle1@3b69e7d1]" started-at="2025-07-02T11:42:35 IST" name="adminLogin" data-provider="LoginData" finished-at="2025-07-02T11:42:41 IST" duration-ms="5349" status="PASS">
          <params>
            <param index="0">
              <value>
                <![CDATA[mumbai]]>
              </value>
            </param>
          </params>
          <reporter-output>
          </reporter-output>
        </test-method> <!-- adminLogin -->
        <test-method is-config="true" signature="closeBrowser()[pri:0, instance:sasi.LoginPageGoogle1@3b69e7d1]" started-at="2025-07-02T11:42:41 IST" name="closeBrowser" finished-at="2025-07-02T11:42:41 IST" duration-ms="95" status="PASS">
          <reporter-output>
          </reporter-output>
        </test-method> <!-- closeBrowser -->
      </class> <!-- sasi.LoginPageGoogle1 -->
    </test> <!-- Default test -->
  </suite> <!-- Default suite -->
</testng-results>
